INFO 2025-01-18 18:29:42,393 autoreload 38857 137138665468032 Watching for file changes with StatReloader
INFO 2025-01-18 18:29:59,517 autoreload 38889 133497178624128 Watching for file changes with StatReloader
WARNING 2025-01-18 18:31:37,154 runserver 38889 133497104631488 [31;1mHTTP POST /api/v1/auth/signup/ 400 [0.01, 192.168.0.107:42580][0m
WARNING 2025-01-18 18:34:35,848 runserver 38889 133497104631488 [31;1mHTTP POST /api/v1/auth/signup/ 400 [5.43, 192.168.0.107:43128][0m
WARNING 2025-01-18 18:35:00,886 runserver 38889 133497104631488 [31;1mHTTP POST /api/v1/auth/signup/ 400 [10.02, 192.168.0.107:43128][0m
WARNING 2025-01-18 18:35:14,799 runserver 38889 133497104631488 [31;1mHTTP POST /api/v1/auth/signup/ 400 [1.94, 192.168.0.107:43128][0m
INFO 2025-01-19 07:31:10,338 autoreload 16604 132330765058176 Watching for file changes with StatReloader
INFO 2025-01-19 07:34:52,351 autoreload 17243 124830169190528 Watching for file changes with StatReloader
INFO 2025-01-19 07:36:11,930 autoreload 17443 137080568627328 Watching for file changes with StatReloader
INFO 2025-01-19 07:36:28,903 runserver 17443 137080495670976 [mHTTP GET / 200 [0.01, 192.168.0.114:32780][0m
INFO 2025-01-19 07:36:28,982 runserver 17443 137080495670976 [mHTTP GET /static/styles/index.css 200 [0.02, 192.168.0.114:32780][0m
INFO 2025-01-19 07:36:28,983 runserver 17443 137080495670976 [mHTTP GET /static/media/images/django-favicon.png 200 [0.02, 192.168.0.114:32782][0m
INFO 2025-01-19 07:36:31,366 runserver 17443 137080495670976 [32mHTTP GET /admin/ 302 [0.07, 192.168.0.114:32782][0m
INFO 2025-01-19 07:36:31,539 runserver 17443 137080495670976 [mHTTP GET /admin/login/?next=/admin/ 200 [0.16, 192.168.0.114:32782][0m
INFO 2025-01-19 07:36:31,628 runserver 17443 137080495670976 [mHTTP GET /static/admin/css/base.css 200 [0.02, 192.168.0.114:32782][0m
INFO 2025-01-19 07:36:31,632 runserver 17443 137080495670976 [mHTTP GET /static/admin/css/dark_mode.css 200 [0.02, 192.168.0.114:32780][0m
INFO 2025-01-19 07:36:31,635 runserver 17443 137080495670976 [mHTTP GET /static/admin/css/nav_sidebar.css 200 [0.02, 192.168.0.114:50852][0m
INFO 2025-01-19 07:36:31,636 runserver 17443 137080495670976 [mHTTP GET /static/admin/css/login.css 200 [0.02, 192.168.0.114:50856][0m
INFO 2025-01-19 07:36:31,637 runserver 17443 137080495670976 [mHTTP GET /static/admin/css/responsive.css 200 [0.02, 192.168.0.114:50866][0m
INFO 2025-01-19 07:36:31,639 runserver 17443 137080495670976 [mHTTP GET /static/admin/js/theme.js 200 [0.02, 192.168.0.114:50882][0m
INFO 2025-01-19 07:36:31,664 runserver 17443 137080495670976 [mHTTP GET /static/admin/js/nav_sidebar.js 200 [0.00, 192.168.0.114:50866][0m
WARNING 2025-01-19 07:36:31,769 runserver 17443 137080495670976 [33mHTTP GET /favicon.ico 404 [0.02, 192.168.0.114:50866][0m
INFO 2025-01-19 07:36:43,019 runserver 17443 137080495670976 [32mHTTP POST /admin/login/?next=/admin/ 302 [0.16, 192.168.0.114:50866][0m
INFO 2025-01-19 07:36:43,061 runserver 17443 137080495670976 [mHTTP GET /admin/ 200 [0.04, 192.168.0.114:50866][0m
INFO 2025-01-19 07:36:43,131 runserver 17443 137080495670976 [mHTTP GET /static/admin/css/dashboard.css 200 [0.00, 192.168.0.114:50866][0m
INFO 2025-01-19 07:36:43,183 runserver 17443 137080495670976 [mHTTP GET /static/admin/img/icon-addlink.svg 200 [0.01, 192.168.0.114:50866][0m
INFO 2025-01-19 07:36:43,183 runserver 17443 137080495670976 [mHTTP GET /static/admin/img/icon-changelink.svg 200 [0.01, 192.168.0.114:32782][0m
ERROR 2025-01-19 07:36:58,807 log 17443 137080223041216 Internal Server Error: /admin/last_request_log/lastrequestlog/
Traceback (most recent call last):
  File "/home/shailesh/Desktop/django-react-typescript-boilerplate/.venv/lib/python3.12/site-packages/django/db/backends/utils.py", line 105, in _execute
    return self.cursor.execute(sql, params)
           ^^^^^^^^^^^^^^^^^^^^^^^^^^^^^^^^
  File "/home/shailesh/Desktop/django-react-typescript-boilerplate/.venv/lib/python3.12/site-packages/django/db/backends/sqlite3/base.py", line 354, in execute
    return super().execute(query, params)
           ^^^^^^^^^^^^^^^^^^^^^^^^^^^^^^
sqlite3.OperationalError: no such table: last_request_log

The above exception was the direct cause of the following exception:

Traceback (most recent call last):
  File "/home/shailesh/Desktop/django-react-typescript-boilerplate/.venv/lib/python3.12/site-packages/asgiref/sync.py", line 518, in thread_handler
    raise exc_info[1]
  File "/home/shailesh/Desktop/django-react-typescript-boilerplate/.venv/lib/python3.12/site-packages/django/core/handlers/exception.py", line 42, in inner
    response = await get_response(request)
               ^^^^^^^^^^^^^^^^^^^^^^^^^^^
  File "/home/shailesh/Desktop/django-react-typescript-boilerplate/.venv/lib/python3.12/site-packages/asgiref/sync.py", line 518, in thread_handler
    raise exc_info[1]
  File "/home/shailesh/Desktop/django-react-typescript-boilerplate/.venv/lib/python3.12/site-packages/django/core/handlers/base.py", line 253, in _get_response_async
    response = await wrapped_callback(
               ^^^^^^^^^^^^^^^^^^^^^^^
  File "/home/shailesh/Desktop/django-react-typescript-boilerplate/.venv/lib/python3.12/site-packages/asgiref/sync.py", line 468, in __call__
    ret = await asyncio.shield(exec_coro)
          ^^^^^^^^^^^^^^^^^^^^^^^^^^^^^^^
  File "/home/shailesh/Desktop/django-react-typescript-boilerplate/.venv/lib/python3.12/site-packages/asgiref/current_thread_executor.py", line 40, in run
    result = self.fn(*self.args, **self.kwargs)
             ^^^^^^^^^^^^^^^^^^^^^^^^^^^^^^^^^^
  File "/home/shailesh/Desktop/django-react-typescript-boilerplate/.venv/lib/python3.12/site-packages/asgiref/sync.py", line 522, in thread_handler
    return func(*args, **kwargs)
           ^^^^^^^^^^^^^^^^^^^^^
  File "/home/shailesh/Desktop/django-react-typescript-boilerplate/.venv/lib/python3.12/site-packages/django/contrib/admin/options.py", line 718, in wrapper
    return self.admin_site.admin_view(view)(*args, **kwargs)
           ^^^^^^^^^^^^^^^^^^^^^^^^^^^^^^^^^^^^^^^^^^^^^^^^^
  File "/home/shailesh/Desktop/django-react-typescript-boilerplate/.venv/lib/python3.12/site-packages/django/utils/decorators.py", line 188, in _view_wrapper
    result = _process_exception(request, e)
             ^^^^^^^^^^^^^^^^^^^^^^^^^^^^^^
  File "/home/shailesh/Desktop/django-react-typescript-boilerplate/.venv/lib/python3.12/site-packages/django/utils/decorators.py", line 186, in _view_wrapper
    response = view_func(request, *args, **kwargs)
               ^^^^^^^^^^^^^^^^^^^^^^^^^^^^^^^^^^^
  File "/home/shailesh/Desktop/django-react-typescript-boilerplate/.venv/lib/python3.12/site-packages/django/views/decorators/cache.py", line 80, in _view_wrapper
    response = view_func(request, *args, **kwargs)
               ^^^^^^^^^^^^^^^^^^^^^^^^^^^^^^^^^^^
  File "/home/shailesh/Desktop/django-react-typescript-boilerplate/.venv/lib/python3.12/site-packages/django/contrib/admin/sites.py", line 241, in inner
    return view(request, *args, **kwargs)
           ^^^^^^^^^^^^^^^^^^^^^^^^^^^^^^
  File "/home/shailesh/Desktop/django-react-typescript-boilerplate/.venv/lib/python3.12/site-packages/django/utils/decorators.py", line 48, in _wrapper
    return bound_method(*args, **kwargs)
           ^^^^^^^^^^^^^^^^^^^^^^^^^^^^^
  File "/home/shailesh/Desktop/django-react-typescript-boilerplate/.venv/lib/python3.12/site-packages/django/utils/decorators.py", line 188, in _view_wrapper
    result = _process_exception(request, e)
             ^^^^^^^^^^^^^^^^^^^^^^^^^^^^^^
  File "/home/shailesh/Desktop/django-react-typescript-boilerplate/.venv/lib/python3.12/site-packages/django/utils/decorators.py", line 186, in _view_wrapper
    response = view_func(request, *args, **kwargs)
               ^^^^^^^^^^^^^^^^^^^^^^^^^^^^^^^^^^^
  File "/home/shailesh/Desktop/django-react-typescript-boilerplate/.venv/lib/python3.12/site-packages/django/contrib/admin/options.py", line 2001, in changelist_view
    cl = self.get_changelist_instance(request)
         ^^^^^^^^^^^^^^^^^^^^^^^^^^^^^^^^^^^^^
  File "/home/shailesh/Desktop/django-react-typescript-boilerplate/.venv/lib/python3.12/site-packages/django/contrib/admin/options.py", line 866, in get_changelist_instance
    return ChangeList(
           ^^^^^^^^^^^
  File "/home/shailesh/Desktop/django-react-typescript-boilerplate/.venv/lib/python3.12/site-packages/django/contrib/admin/views/main.py", line 146, in __init__
    self.get_results(request)
  File "/home/shailesh/Desktop/django-react-typescript-boilerplate/.venv/lib/python3.12/site-packages/django/contrib/admin/views/main.py", line 313, in get_results
    result_count = paginator.count
                   ^^^^^^^^^^^^^^^
  File "/home/shailesh/Desktop/django-react-typescript-boilerplate/.venv/lib/python3.12/site-packages/django/utils/functional.py", line 47, in __get__
    res = instance.__dict__[self.name] = self.func(instance)
                                         ^^^^^^^^^^^^^^^^^^^
  File "/home/shailesh/Desktop/django-react-typescript-boilerplate/.venv/lib/python3.12/site-packages/django/core/paginator.py", line 110, in count
    return c()
           ^^^
  File "/home/shailesh/Desktop/django-react-typescript-boilerplate/.venv/lib/python3.12/site-packages/django/db/models/query.py", line 620, in count
    return self.query.get_count(using=self.db)
           ^^^^^^^^^^^^^^^^^^^^^^^^^^^^^^^^^^^
  File "/home/shailesh/Desktop/django-react-typescript-boilerplate/.venv/lib/python3.12/site-packages/django/db/models/sql/query.py", line 630, in get_count
    return obj.get_aggregation(using, {"__count": Count("*")})["__count"]
           ^^^^^^^^^^^^^^^^^^^^^^^^^^^^^^^^^^^^^^^^^^^^^^^^^^^
  File "/home/shailesh/Desktop/django-react-typescript-boilerplate/.venv/lib/python3.12/site-packages/django/db/models/sql/query.py", line 616, in get_aggregation
    result = compiler.execute_sql(SINGLE)
             ^^^^^^^^^^^^^^^^^^^^^^^^^^^^
  File "/home/shailesh/Desktop/django-react-typescript-boilerplate/.venv/lib/python3.12/site-packages/django/db/models/sql/compiler.py", line 1574, in execute_sql
    cursor.execute(sql, params)
  File "/home/shailesh/Desktop/django-react-typescript-boilerplate/.venv/lib/python3.12/site-packages/django/db/backends/utils.py", line 122, in execute
    return super().execute(sql, params)
           ^^^^^^^^^^^^^^^^^^^^^^^^^^^^
  File "/home/shailesh/Desktop/django-react-typescript-boilerplate/.venv/lib/python3.12/site-packages/django/db/backends/utils.py", line 79, in execute
    return self._execute_with_wrappers(
           ^^^^^^^^^^^^^^^^^^^^^^^^^^^^
  File "/home/shailesh/Desktop/django-react-typescript-boilerplate/.venv/lib/python3.12/site-packages/django/db/backends/utils.py", line 92, in _execute_with_wrappers
    return executor(sql, params, many, context)
           ^^^^^^^^^^^^^^^^^^^^^^^^^^^^^^^^^^^^
  File "/home/shailesh/Desktop/django-react-typescript-boilerplate/.venv/lib/python3.12/site-packages/django/db/backends/utils.py", line 100, in _execute
    with self.db.wrap_database_errors:
  File "/home/shailesh/Desktop/django-react-typescript-boilerplate/.venv/lib/python3.12/site-packages/django/db/utils.py", line 91, in __exit__
    raise dj_exc_value.with_traceback(traceback) from exc_value
  File "/home/shailesh/Desktop/django-react-typescript-boilerplate/.venv/lib/python3.12/site-packages/django/db/backends/utils.py", line 105, in _execute
    return self.cursor.execute(sql, params)
           ^^^^^^^^^^^^^^^^^^^^^^^^^^^^^^^^
  File "/home/shailesh/Desktop/django-react-typescript-boilerplate/.venv/lib/python3.12/site-packages/django/db/backends/sqlite3/base.py", line 354, in execute
    return super().execute(query, params)
           ^^^^^^^^^^^^^^^^^^^^^^^^^^^^^^
django.db.utils.OperationalError: no such table: last_request_log
ERROR 2025-01-19 07:36:58,811 runserver 17443 137080495670976 [35;1mHTTP GET /admin/last_request_log/lastrequestlog/ 500 [0.11, 192.168.0.114:32782][0m
INFO 2025-01-19 07:57:25,097 autoreload 19543 137950933061760 Watching for file changes with StatReloader
INFO 2025-01-19 07:57:33,589 runserver 19543 137950859888320 [mHTTP GET /admin/ 200 [0.06, 192.168.0.114:49714][0m
INFO 2025-01-19 07:57:35,495 runserver 19543 137950859888320 [mHTTP GET /admin/ 200 [0.04, 192.168.0.114:49714][0m
INFO 2025-01-19 07:57:38,060 runserver 19543 137950859888320 [mHTTP GET /admin/users/user/ 200 [0.06, 192.168.0.114:49714][0m
INFO 2025-01-19 07:57:38,143 runserver 19543 137950859888320 [mHTTP GET /static/admin/css/changelists.css 200 [0.02, 192.168.0.114:49714][0m
INFO 2025-01-19 07:57:38,150 runserver 19543 137950859888320 [mHTTP GET /static/admin/js/jquery.init.js 200 [0.01, 192.168.0.114:49734][0m
INFO 2025-01-19 07:57:38,150 runserver 19543 137950859888320 [mHTTP GET /static/admin/js/core.js 200 [0.01, 192.168.0.114:49744][0m
INFO 2025-01-19 07:57:38,153 runserver 19543 137950859888320 [mHTTP GET /static/admin/js/admin/RelatedObjectLookups.js 200 [0.01, 192.168.0.114:49750][0m
INFO 2025-01-19 07:57:38,156 runserver 19543 137950859888320 [mHTTP GET /static/admin/js/vendor/jquery/jquery.js 200 [0.02, 192.168.0.114:49720][0m
INFO 2025-01-19 07:57:38,170 runserver 19543 137950859888320 [mHTTP GET /admin/jsi18n/ 200 [0.03, 192.168.0.114:49718][0m
INFO 2025-01-19 07:57:38,179 runserver 19543 137950859888320 [mHTTP GET /static/admin/js/prepopulate.js 200 [0.02, 192.168.0.114:49744][0m
INFO 2025-01-19 07:57:38,182 runserver 19543 137950859888320 [mHTTP GET /static/admin/img/search.svg 200 [0.01, 192.168.0.114:49720][0m
INFO 2025-01-19 07:57:38,185 runserver 19543 137950859888320 [mHTTP GET /static/admin/js/vendor/xregexp/xregexp.js 200 [0.02, 192.168.0.114:49750][0m
INFO 2025-01-19 07:57:38,186 runserver 19543 137950859888320 [mHTTP GET /static/admin/js/urlify.js 200 [0.02, 192.168.0.114:49714][0m
INFO 2025-01-19 07:57:38,187 runserver 19543 137950859888320 [mHTTP GET /static/admin/js/actions.js 200 [0.03, 192.168.0.114:49734][0m
INFO 2025-01-19 07:57:38,193 runserver 19543 137950859888320 [mHTTP GET /static/admin/img/icon-no.svg 200 [0.02, 192.168.0.114:49718][0m
INFO 2025-01-19 07:57:38,210 runserver 19543 137950859888320 [mHTTP GET /static/admin/img/icon-yes.svg 200 [0.01, 192.168.0.114:49734][0m
INFO 2025-01-19 07:57:38,237 runserver 19543 137950859888320 [mHTTP GET /static/admin/js/filters.js 200 [0.01, 192.168.0.114:49734][0m
INFO 2025-01-19 07:57:38,275 runserver 19543 137950859888320 [mHTTP GET /static/admin/img/tooltag-add.svg 200 [0.01, 192.168.0.114:49734][0m
INFO 2025-01-19 07:57:38,278 runserver 19543 137950859888320 [mHTTP GET /static/admin/img/icon-viewlink.svg 200 [0.01, 192.168.0.114:49750][0m
INFO 2025-01-19 07:57:41,393 runserver 19543 137950859888320 [mHTTP GET /admin/ 200 [0.03, 192.168.0.114:49750][0m
INFO 2025-01-19 07:58:17,754 autoreload 19543 137950933061760 /home/shailesh/Desktop/django-react-typescript-boilerplate/backend/last_request_log/models.py changed, reloading.
INFO 2025-01-19 07:58:19,128 autoreload 19778 129270002499712 Watching for file changes with StatReloader
INFO 2025-01-19 07:58:30,115 autoreload 19778 129270002499712 /home/shailesh/Desktop/django-react-typescript-boilerplate/backend/last_request_log/models.py changed, reloading.
INFO 2025-01-19 07:58:31,492 autoreload 19835 126985487421568 Watching for file changes with StatReloader
INFO 2025-01-19 07:58:33,285 autoreload 19835 126985487421568 /home/shailesh/Desktop/django-react-typescript-boilerplate/backend/last_request_log/models.py changed, reloading.
INFO 2025-01-19 07:58:34,587 autoreload 19861 135741247021184 Watching for file changes with StatReloader
INFO 2025-01-19 07:58:39,313 autoreload 19861 135741247021184 /home/shailesh/Desktop/django-react-typescript-boilerplate/backend/last_request_log/models.py changed, reloading.
INFO 2025-01-19 07:58:40,673 autoreload 19891 133409083658368 Watching for file changes with StatReloader
INFO 2025-01-19 07:58:42,473 autoreload 19891 133409083658368 /home/shailesh/Desktop/django-react-typescript-boilerplate/backend/last_request_log/models.py changed, reloading.
INFO 2025-01-19 07:58:43,357 autoreload 19928 137120219832448 Watching for file changes with StatReloader
INFO 2025-01-19 07:58:50,133 autoreload 19928 137120219832448 /home/shailesh/Desktop/django-react-typescript-boilerplate/backend/last_request_log/models.py changed, reloading.
INFO 2025-01-19 07:58:51,493 autoreload 19961 138114002194560 Watching for file changes with StatReloader
INFO 2025-01-19 07:59:09,700 autoreload 19961 138114002194560 /home/shailesh/Desktop/django-react-typescript-boilerplate/backend/last_request_log/models.py changed, reloading.
INFO 2025-01-19 07:59:11,016 autoreload 20028 128625648558208 Watching for file changes with StatReloader
INFO 2025-01-19 07:59:13,860 autoreload 20028 128625648558208 /home/shailesh/Desktop/django-react-typescript-boilerplate/backend/last_request_log/models.py changed, reloading.
INFO 2025-01-19 07:59:14,737 autoreload 20080 129639260283008 Watching for file changes with StatReloader
INFO 2025-01-19 07:59:49,203 autoreload 20143 128483202154624 Watching for file changes with StatReloader
INFO 2025-01-19 07:59:53,448 runserver 20143 128483128772288 [mHTTP GET /admin/ 200 [0.07, 192.168.0.114:48762][0m
ERROR 2025-01-19 08:00:03,925 log 20143 128483084732096 Internal Server Error: /admin/last_request_log/lastrequestlog/
Traceback (most recent call last):
  File "/home/shailesh/Desktop/django-react-typescript-boilerplate/.venv/lib/python3.12/site-packages/django/db/backends/utils.py", line 105, in _execute
    return self.cursor.execute(sql, params)
           ^^^^^^^^^^^^^^^^^^^^^^^^^^^^^^^^
  File "/home/shailesh/Desktop/django-react-typescript-boilerplate/.venv/lib/python3.12/site-packages/django/db/backends/sqlite3/base.py", line 354, in execute
    return super().execute(query, params)
           ^^^^^^^^^^^^^^^^^^^^^^^^^^^^^^
sqlite3.OperationalError: no such table: last request log

The above exception was the direct cause of the following exception:

Traceback (most recent call last):
  File "/home/shailesh/Desktop/django-react-typescript-boilerplate/.venv/lib/python3.12/site-packages/asgiref/sync.py", line 518, in thread_handler
    raise exc_info[1]
  File "/home/shailesh/Desktop/django-react-typescript-boilerplate/.venv/lib/python3.12/site-packages/django/core/handlers/exception.py", line 42, in inner
    response = await get_response(request)
               ^^^^^^^^^^^^^^^^^^^^^^^^^^^
  File "/home/shailesh/Desktop/django-react-typescript-boilerplate/.venv/lib/python3.12/site-packages/asgiref/sync.py", line 518, in thread_handler
    raise exc_info[1]
  File "/home/shailesh/Desktop/django-react-typescript-boilerplate/.venv/lib/python3.12/site-packages/django/core/handlers/base.py", line 253, in _get_response_async
    response = await wrapped_callback(
               ^^^^^^^^^^^^^^^^^^^^^^^
  File "/home/shailesh/Desktop/django-react-typescript-boilerplate/.venv/lib/python3.12/site-packages/asgiref/sync.py", line 468, in __call__
    ret = await asyncio.shield(exec_coro)
          ^^^^^^^^^^^^^^^^^^^^^^^^^^^^^^^
  File "/home/shailesh/Desktop/django-react-typescript-boilerplate/.venv/lib/python3.12/site-packages/asgiref/current_thread_executor.py", line 40, in run
    result = self.fn(*self.args, **self.kwargs)
             ^^^^^^^^^^^^^^^^^^^^^^^^^^^^^^^^^^
  File "/home/shailesh/Desktop/django-react-typescript-boilerplate/.venv/lib/python3.12/site-packages/asgiref/sync.py", line 522, in thread_handler
    return func(*args, **kwargs)
           ^^^^^^^^^^^^^^^^^^^^^
  File "/home/shailesh/Desktop/django-react-typescript-boilerplate/.venv/lib/python3.12/site-packages/django/contrib/admin/options.py", line 718, in wrapper
    return self.admin_site.admin_view(view)(*args, **kwargs)
           ^^^^^^^^^^^^^^^^^^^^^^^^^^^^^^^^^^^^^^^^^^^^^^^^^
  File "/home/shailesh/Desktop/django-react-typescript-boilerplate/.venv/lib/python3.12/site-packages/django/utils/decorators.py", line 188, in _view_wrapper
    result = _process_exception(request, e)
             ^^^^^^^^^^^^^^^^^^^^^^^^^^^^^^
  File "/home/shailesh/Desktop/django-react-typescript-boilerplate/.venv/lib/python3.12/site-packages/django/utils/decorators.py", line 186, in _view_wrapper
    response = view_func(request, *args, **kwargs)
               ^^^^^^^^^^^^^^^^^^^^^^^^^^^^^^^^^^^
  File "/home/shailesh/Desktop/django-react-typescript-boilerplate/.venv/lib/python3.12/site-packages/django/views/decorators/cache.py", line 80, in _view_wrapper
    response = view_func(request, *args, **kwargs)
               ^^^^^^^^^^^^^^^^^^^^^^^^^^^^^^^^^^^
  File "/home/shailesh/Desktop/django-react-typescript-boilerplate/.venv/lib/python3.12/site-packages/django/contrib/admin/sites.py", line 241, in inner
    return view(request, *args, **kwargs)
           ^^^^^^^^^^^^^^^^^^^^^^^^^^^^^^
  File "/home/shailesh/Desktop/django-react-typescript-boilerplate/.venv/lib/python3.12/site-packages/django/utils/decorators.py", line 48, in _wrapper
    return bound_method(*args, **kwargs)
           ^^^^^^^^^^^^^^^^^^^^^^^^^^^^^
  File "/home/shailesh/Desktop/django-react-typescript-boilerplate/.venv/lib/python3.12/site-packages/django/utils/decorators.py", line 188, in _view_wrapper
    result = _process_exception(request, e)
             ^^^^^^^^^^^^^^^^^^^^^^^^^^^^^^
  File "/home/shailesh/Desktop/django-react-typescript-boilerplate/.venv/lib/python3.12/site-packages/django/utils/decorators.py", line 186, in _view_wrapper
    response = view_func(request, *args, **kwargs)
               ^^^^^^^^^^^^^^^^^^^^^^^^^^^^^^^^^^^
  File "/home/shailesh/Desktop/django-react-typescript-boilerplate/.venv/lib/python3.12/site-packages/django/contrib/admin/options.py", line 2001, in changelist_view
    cl = self.get_changelist_instance(request)
         ^^^^^^^^^^^^^^^^^^^^^^^^^^^^^^^^^^^^^
  File "/home/shailesh/Desktop/django-react-typescript-boilerplate/.venv/lib/python3.12/site-packages/django/contrib/admin/options.py", line 866, in get_changelist_instance
    return ChangeList(
           ^^^^^^^^^^^
  File "/home/shailesh/Desktop/django-react-typescript-boilerplate/.venv/lib/python3.12/site-packages/django/contrib/admin/views/main.py", line 146, in __init__
    self.get_results(request)
  File "/home/shailesh/Desktop/django-react-typescript-boilerplate/.venv/lib/python3.12/site-packages/django/contrib/admin/views/main.py", line 313, in get_results
    result_count = paginator.count
                   ^^^^^^^^^^^^^^^
  File "/home/shailesh/Desktop/django-react-typescript-boilerplate/.venv/lib/python3.12/site-packages/django/utils/functional.py", line 47, in __get__
    res = instance.__dict__[self.name] = self.func(instance)
                                         ^^^^^^^^^^^^^^^^^^^
  File "/home/shailesh/Desktop/django-react-typescript-boilerplate/.venv/lib/python3.12/site-packages/django/core/paginator.py", line 110, in count
    return c()
           ^^^
  File "/home/shailesh/Desktop/django-react-typescript-boilerplate/.venv/lib/python3.12/site-packages/django/db/models/query.py", line 620, in count
    return self.query.get_count(using=self.db)
           ^^^^^^^^^^^^^^^^^^^^^^^^^^^^^^^^^^^
  File "/home/shailesh/Desktop/django-react-typescript-boilerplate/.venv/lib/python3.12/site-packages/django/db/models/sql/query.py", line 630, in get_count
    return obj.get_aggregation(using, {"__count": Count("*")})["__count"]
           ^^^^^^^^^^^^^^^^^^^^^^^^^^^^^^^^^^^^^^^^^^^^^^^^^^^
  File "/home/shailesh/Desktop/django-react-typescript-boilerplate/.venv/lib/python3.12/site-packages/django/db/models/sql/query.py", line 616, in get_aggregation
    result = compiler.execute_sql(SINGLE)
             ^^^^^^^^^^^^^^^^^^^^^^^^^^^^
  File "/home/shailesh/Desktop/django-react-typescript-boilerplate/.venv/lib/python3.12/site-packages/django/db/models/sql/compiler.py", line 1574, in execute_sql
    cursor.execute(sql, params)
  File "/home/shailesh/Desktop/django-react-typescript-boilerplate/.venv/lib/python3.12/site-packages/django/db/backends/utils.py", line 122, in execute
    return super().execute(sql, params)
           ^^^^^^^^^^^^^^^^^^^^^^^^^^^^
  File "/home/shailesh/Desktop/django-react-typescript-boilerplate/.venv/lib/python3.12/site-packages/django/db/backends/utils.py", line 79, in execute
    return self._execute_with_wrappers(
           ^^^^^^^^^^^^^^^^^^^^^^^^^^^^
  File "/home/shailesh/Desktop/django-react-typescript-boilerplate/.venv/lib/python3.12/site-packages/django/db/backends/utils.py", line 92, in _execute_with_wrappers
    return executor(sql, params, many, context)
           ^^^^^^^^^^^^^^^^^^^^^^^^^^^^^^^^^^^^
  File "/home/shailesh/Desktop/django-react-typescript-boilerplate/.venv/lib/python3.12/site-packages/django/db/backends/utils.py", line 100, in _execute
    with self.db.wrap_database_errors:
  File "/home/shailesh/Desktop/django-react-typescript-boilerplate/.venv/lib/python3.12/site-packages/django/db/utils.py", line 91, in __exit__
    raise dj_exc_value.with_traceback(traceback) from exc_value
  File "/home/shailesh/Desktop/django-react-typescript-boilerplate/.venv/lib/python3.12/site-packages/django/db/backends/utils.py", line 105, in _execute
    return self.cursor.execute(sql, params)
           ^^^^^^^^^^^^^^^^^^^^^^^^^^^^^^^^
  File "/home/shailesh/Desktop/django-react-typescript-boilerplate/.venv/lib/python3.12/site-packages/django/db/backends/sqlite3/base.py", line 354, in execute
    return super().execute(query, params)
           ^^^^^^^^^^^^^^^^^^^^^^^^^^^^^^
django.db.utils.OperationalError: no such table: last request log
ERROR 2025-01-19 08:00:03,930 runserver 20143 128483128772288 [35;1mHTTP GET /admin/last_request_log/lastrequestlog/ 500 [0.14, 192.168.0.114:48762][0m
INFO 2025-01-19 08:00:06,456 runserver 20143 128483128772288 [mHTTP GET /admin/ 200 [0.02, 192.168.0.114:48762][0m
INFO 2025-01-19 08:02:41,857 autoreload 20626 132743017689216 Watching for file changes with StatReloader
INFO 2025-01-19 08:02:45,236 runserver 20626 132742943606464 [mHTTP GET /admin/ 200 [0.06, 192.168.0.114:40620][0m
INFO 2025-01-19 08:02:48,611 runserver 20626 132742943606464 [mHTTP GET /admin/users/user/ 200 [0.11, 192.168.0.114:40620][0m
INFO 2025-01-19 08:02:48,692 runserver 20626 132742943606464 [mHTTP GET /admin/jsi18n/ 200 [0.01, 192.168.0.114:40620][0m
INFO 2025-01-19 08:02:50,996 runserver 20626 132742943606464 [mHTTP GET /admin/ 200 [0.02, 192.168.0.114:40620][0m
INFO 2025-01-19 08:02:52,704 runserver 20626 132742943606464 [mHTTP GET /admin/last_request_log/lastrequestlog/ 200 [0.08, 192.168.0.114:40620][0m
INFO 2025-01-19 08:02:52,824 runserver 20626 132742943606464 [mHTTP GET /admin/jsi18n/ 200 [0.02, 192.168.0.114:40620][0m
INFO 2025-01-19 08:02:55,938 runserver 20626 132742943606464 [mHTTP GET /admin/last_request_log/lastrequestlog/ 200 [0.03, 192.168.0.114:40620][0m
INFO 2025-01-19 08:02:56,007 runserver 20626 132742943606464 [mHTTP GET /admin/jsi18n/ 200 [0.01, 192.168.0.114:40620][0m
INFO 2025-01-19 08:02:58,401 runserver 20626 132742943606464 [mHTTP GET /admin/ 200 [0.03, 192.168.0.114:40620][0m
INFO 2025-01-19 08:03:02,196 runserver 20626 132742943606464 [mHTTP GET /admin/last_request_log/lastrequestlog/ 200 [0.04, 192.168.0.114:40620][0m
INFO 2025-01-19 08:03:02,277 runserver 20626 132742943606464 [mHTTP GET /admin/jsi18n/ 200 [0.01, 192.168.0.114:40620][0m
INFO 2025-01-19 08:03:03,711 runserver 20626 132742943606464 [mHTTP GET /admin/ 200 [0.03, 192.168.0.114:40620][0m
INFO 2025-01-19 08:04:47,820 runserver 20626 132742943606464 [mHTTP GET /admin/ 200 [0.03, 192.168.0.114:56486][0m
WARNING 2025-01-19 08:05:43,604 runserver 20626 132742943606464 [31;1mHTTP POST /api/v1/auth/signup/ 400 [2.11, 192.168.0.114:47168][0m
INFO 2025-01-19 08:06:13,137 runserver 20626 132742943606464 [mHTTP GET /admin/last_request_log/lastrequestlog/ 200 [0.03, 192.168.0.114:49760][0m
INFO 2025-01-19 08:06:13,218 runserver 20626 132742943606464 [mHTTP GET /admin/jsi18n/ 200 [0.02, 192.168.0.114:49760][0m
INFO 2025-01-19 08:06:19,986 runserver 20626 132742943606464 [mHTTP GET /admin/last_request_log/lastrequestlog/1/change/ 200 [0.07, 192.168.0.114:49760][0m
INFO 2025-01-19 08:06:20,082 runserver 20626 132742943606464 [mHTTP GET /static/admin/js/admin/DateTimeShortcuts.js 200 [0.04, 192.168.0.114:53782][0m
INFO 2025-01-19 08:06:20,082 runserver 20626 132742943606464 [mHTTP GET /static/admin/js/calendar.js 200 [0.04, 192.168.0.114:53774][0m
INFO 2025-01-19 08:06:20,082 runserver 20626 132742943606464 [mHTTP GET /static/admin/css/forms.css 200 [0.05, 192.168.0.114:49760][0m
INFO 2025-01-19 08:06:20,083 runserver 20626 132742943606464 [mHTTP GET /static/admin/js/prepopulate_init.js 200 [0.04, 192.168.0.114:53796][0m
INFO 2025-01-19 08:06:20,092 runserver 20626 132742943606464 [mHTTP GET /admin/jsi18n/ 200 [0.05, 192.168.0.114:53762][0m
INFO 2025-01-19 08:06:20,101 runserver 20626 132742943606464 [mHTTP GET /static/admin/css/widgets.css 200 [0.01, 192.168.0.114:53782][0m
INFO 2025-01-19 08:06:20,105 runserver 20626 132742943606464 [mHTTP GET /static/admin/js/change_form.js 200 [0.00, 192.168.0.114:53762][0m
INFO 2025-01-19 08:06:20,206 runserver 20626 132742943606464 [mHTTP GET /static/admin/img/icon-clock.svg 200 [0.01, 192.168.0.114:53782][0m
INFO 2025-01-19 08:06:20,213 runserver 20626 132742943606464 [mHTTP GET /static/admin/img/icon-calendar.svg 200 [0.01, 192.168.0.114:53762][0m
INFO 2025-01-19 08:07:47,547 autoreload 20626 132743017689216 /home/shailesh/Desktop/django-react-typescript-boilerplate/backend/last_request_log/admin.py changed, reloading.
INFO 2025-01-19 08:07:49,119 autoreload 21595 124246775820416 Watching for file changes with StatReloader
INFO 2025-01-19 08:08:04,506 autoreload 21595 124246775820416 /home/shailesh/Desktop/django-react-typescript-boilerplate/backend/last_request_log/admin.py changed, reloading.
INFO 2025-01-19 08:08:05,496 autoreload 21659 132776435810432 Watching for file changes with StatReloader
INFO 2025-01-19 08:08:07,105 autoreload 21659 132776435810432 /home/shailesh/Desktop/django-react-typescript-boilerplate/backend/last_request_log/admin.py changed, reloading.
INFO 2025-01-19 08:08:07,910 autoreload 21684 137061933240448 Watching for file changes with StatReloader
WARNING 2025-01-19 08:08:24,769 runserver 21684 137061860378304 [31;1mHTTP POST /api/v1/auth/signup/ 400 [1.79, 192.168.0.114:55596][0m
INFO 2025-01-19 08:08:31,447 runserver 21684 137061860378304 [mHTTP GET /admin/last_request_log/lastrequestlog/ 200 [0.17, 192.168.0.114:58510][0m
INFO 2025-01-19 08:08:31,521 runserver 21684 137061860378304 [mHTTP GET /admin/jsi18n/ 200 [0.02, 192.168.0.114:58510][0m
INFO 2025-01-19 08:08:36,423 runserver 21684 137061860378304 [mHTTP GET /admin/last_request_log/lastrequestlog/ 200 [0.04, 192.168.0.114:58510][0m
INFO 2025-01-19 08:08:36,475 runserver 21684 137061860378304 [mHTTP GET /admin/jsi18n/ 200 [0.01, 192.168.0.114:58510][0m
INFO 2025-01-19 08:10:56,762 autoreload 21684 137061933240448 /home/shailesh/Desktop/django-react-typescript-boilerplate/backend/middlewares/response_middleware.py changed, reloading.
INFO 2025-01-19 08:10:58,051 autoreload 22179 132621397086336 Watching for file changes with StatReloader
INFO 2025-01-19 08:10:59,684 autoreload 22179 132621397086336 /home/shailesh/Desktop/django-react-typescript-boilerplate/backend/middlewares/response_middleware.py changed, reloading.
INFO 2025-01-19 08:11:00,802 autoreload 22201 131072528076928 Watching for file changes with StatReloader
INFO 2025-01-19 08:11:04,597 autoreload 22201 131072528076928 /home/shailesh/Desktop/django-react-typescript-boilerplate/backend/middlewares/response_middleware.py changed, reloading.
INFO 2025-01-19 08:11:05,891 autoreload 22237 126730152837248 Watching for file changes with StatReloader
INFO 2025-01-19 08:12:05,945 runserver 22237 126730079569600 [mHTTP GET /admin/last_request_log/lastrequestlog/ 200 [0.10, 192.168.0.114:38834][0m
INFO 2025-01-19 08:12:06,031 runserver 22237 126730079569600 [mHTTP GET /admin/jsi18n/ 200 [0.03, 192.168.0.114:38834][0m
INFO 2025-01-19 08:12:07,520 runserver 22237 126730079569600 [mHTTP GET /admin/last_request_log/lastrequestlog/ 200 [0.04, 192.168.0.114:38834][0m
INFO 2025-01-19 08:12:07,586 runserver 22237 126730079569600 [mHTTP GET /admin/jsi18n/ 200 [0.02, 192.168.0.114:38834][0m
INFO 2025-01-19 08:12:08,941 runserver 22237 126730079569600 [mHTTP GET /admin/last_request_log/lastrequestlog/ 200 [0.05, 192.168.0.114:38834][0m
INFO 2025-01-19 08:12:09,012 runserver 22237 126730079569600 [mHTTP GET /admin/jsi18n/ 200 [0.02, 192.168.0.114:38834][0m
INFO 2025-01-19 08:12:12,818 runserver 22237 126730079569600 [mHTTP GET /admin/last_request_log/lastrequestlog/ 200 [0.08, 192.168.0.114:38834][0m
INFO 2025-01-19 08:12:12,879 runserver 22237 126730079569600 [mHTTP GET /admin/jsi18n/ 200 [0.01, 192.168.0.114:38834][0m
INFO 2025-01-19 08:14:30,983 autoreload 22237 126730152837248 /home/shailesh/Desktop/django-react-typescript-boilerplate/backend/last_request_log/admin.py changed, reloading.
INFO 2025-01-19 08:14:32,467 autoreload 22679 127380996038784 Watching for file changes with StatReloader
INFO 2025-01-19 08:14:54,959 autoreload 22679 127380996038784 /home/shailesh/Desktop/django-react-typescript-boilerplate/backend/last_request_log/admin.py changed, reloading.
INFO 2025-01-19 08:14:56,251 autoreload 22728 128000961876096 Watching for file changes with StatReloader
INFO 2025-01-19 08:16:26,322 autoreload 22728 128000961876096 /home/shailesh/Desktop/django-react-typescript-boilerplate/backend/last_request_log/admin.py changed, reloading.
INFO 2025-01-19 08:16:27,552 autoreload 22900 130453034569856 Watching for file changes with StatReloader
INFO 2025-01-19 08:16:29,274 autoreload 22900 130453034569856 /home/shailesh/Desktop/django-react-typescript-boilerplate/backend/last_request_log/admin.py changed, reloading.
INFO 2025-01-19 08:16:30,542 autoreload 22932 124851777732736 Watching for file changes with StatReloader
INFO 2025-01-19 08:17:27,128 autoreload 22932 124851777732736 /home/shailesh/Desktop/django-react-typescript-boilerplate/backend/last_request_log/admin.py changed, reloading.
INFO 2025-01-19 08:17:28,452 autoreload 23041 135476534853760 Watching for file changes with StatReloader
INFO 2025-01-19 08:17:47,718 autoreload 23041 135476534853760 /home/shailesh/Desktop/django-react-typescript-boilerplate/backend/last_request_log/admin.py changed, reloading.
INFO 2025-01-19 08:17:49,033 autoreload 23089 136612593528960 Watching for file changes with StatReloader
INFO 2025-01-19 08:18:05,479 autoreload 23170 140671727083648 Watching for file changes with StatReloader
INFO 2025-01-19 08:20:02,352 autoreload 23170 140671727083648 /home/shailesh/Desktop/django-react-typescript-boilerplate/backend/middlewares/response_middleware.py changed, reloading.
INFO 2025-01-19 08:20:03,457 autoreload 23578 132923702329472 Watching for file changes with StatReloader
INFO 2025-01-19 08:20:10,113 autoreload 23578 132923702329472 /home/shailesh/Desktop/django-react-typescript-boilerplate/backend/middlewares/response_middleware.py changed, reloading.
INFO 2025-01-19 08:20:11,286 autoreload 23703 140435704086656 Watching for file changes with StatReloader
INFO 2025-01-19 08:20:55,394 autoreload 23703 140435704086656 /home/shailesh/Desktop/django-react-typescript-boilerplate/backend/last_request_log/admin.py changed, reloading.
INFO 2025-01-19 08:20:56,183 autoreload 23762 128323717320832 Watching for file changes with StatReloader
INFO 2025-01-19 08:21:01,883 autoreload 23762 128323717320832 /home/shailesh/Desktop/django-react-typescript-boilerplate/backend/last_request_log/admin.py changed, reloading.
INFO 2025-01-19 08:21:02,802 autoreload 23793 138713760026752 Watching for file changes with StatReloader
INFO 2025-01-19 08:21:05,359 autoreload 23793 138713760026752 /home/shailesh/Desktop/django-react-typescript-boilerplate/backend/last_request_log/admin.py changed, reloading.
INFO 2025-01-19 08:21:06,359 autoreload 23820 134581365604480 Watching for file changes with StatReloader
INFO 2025-01-19 08:21:06,990 runserver 23820 134581292369600 [mHTTP GET / 200 [0.04, 192.168.0.114:52600][0m
INFO 2025-01-19 08:21:10,323 runserver 23820 134581292369600 [mHTTP GET /admin/ 200 [0.07, 192.168.0.114:52600][0m
WARNING 2025-01-19 08:21:10,519 runserver 23820 134581292369600 [33mHTTP GET /favicon.ico 404 [0.03, 192.168.0.114:52600][0m
INFO 2025-01-19 08:21:17,475 autoreload 23820 134581365604480 /home/shailesh/Desktop/django-react-typescript-boilerplate/backend/last_request_log/admin.py changed, reloading.
INFO 2025-01-19 08:21:19,157 autoreload 23912 138944131625088 Watching for file changes with StatReloader
INFO 2025-01-19 08:21:55,263 autoreload 23912 138944131625088 /home/shailesh/Desktop/django-react-typescript-boilerplate/backend/last_request_log/admin.py changed, reloading.
INFO 2025-01-19 08:21:56,891 autoreload 23967 134143390048384 Watching for file changes with StatReloader
INFO 2025-01-19 08:22:04,926 autoreload 23967 134143390048384 /home/shailesh/Desktop/django-react-typescript-boilerplate/backend/last_request_log/admin.py changed, reloading.
INFO 2025-01-19 08:22:05,931 autoreload 23995 134935729483904 Watching for file changes with StatReloader
INFO 2025-01-19 08:22:08,541 autoreload 23995 134935729483904 /home/shailesh/Desktop/django-react-typescript-boilerplate/backend/last_request_log/admin.py changed, reloading.
INFO 2025-01-19 08:22:09,672 autoreload 24020 123582991372416 Watching for file changes with StatReloader
INFO 2025-01-19 08:22:11,528 autoreload 24020 123582991372416 /home/shailesh/Desktop/django-react-typescript-boilerplate/backend/last_request_log/admin.py changed, reloading.
INFO 2025-01-19 08:22:13,273 autoreload 24044 127077742846080 Watching for file changes with StatReloader
INFO 2025-01-19 08:22:24,429 autoreload 24044 127077742846080 /home/shailesh/Desktop/django-react-typescript-boilerplate/backend/last_request_log/admin.py changed, reloading.
INFO 2025-01-19 08:22:25,795 autoreload 24097 134811452559488 Watching for file changes with StatReloader
INFO 2025-01-19 08:22:31,752 autoreload 24097 134811452559488 /home/shailesh/Desktop/django-react-typescript-boilerplate/backend/last_request_log/admin.py changed, reloading.
INFO 2025-01-19 08:22:33,590 autoreload 24123 133469582086272 Watching for file changes with StatReloader
INFO 2025-01-19 08:23:05,645 runserver 24123 133469508208320 [mHTTP GET /admin/ 200 [0.14, 192.168.0.114:51548][0m
INFO 2025-01-19 08:23:13,259 runserver 24123 133469508208320 [mHTTP GET /admin/last_request_log/lastrequestlog/ 200 [0.06, 192.168.0.114:51548][0m
INFO 2025-01-19 08:23:13,338 runserver 24123 133469508208320 [mHTTP GET /admin/jsi18n/ 200 [0.02, 192.168.0.114:51548][0m
INFO 2025-01-19 08:24:01,919 autoreload 24123 133469582086272 /home/shailesh/Desktop/django-react-typescript-boilerplate/backend/middlewares/response_middleware.py changed, reloading.
INFO 2025-01-19 08:24:02,840 autoreload 24276 131027191136384 Watching for file changes with StatReloader
WARNING 2025-01-19 08:24:07,596 runserver 24276 131027118851776 [31;1mHTTP POST /api/v1/auth/signup/ 400 [2.38, 192.168.0.114:40694][0m
INFO 2025-01-19 08:24:13,209 runserver 24276 131027118851776 [mHTTP GET /admin/last_request_log/lastrequestlog/ 200 [0.14, 192.168.0.114:47916][0m
INFO 2025-01-19 08:24:13,296 runserver 24276 131027118851776 [mHTTP GET /admin/jsi18n/ 200 [0.01, 192.168.0.114:47916][0m
INFO 2025-01-19 08:24:21,240 autoreload 24276 131027191136384 /home/shailesh/Desktop/django-react-typescript-boilerplate/backend/middlewares/response_middleware.py changed, reloading.
INFO 2025-01-19 08:24:22,301 autoreload 24396 124021446619264 Watching for file changes with StatReloader
INFO 2025-01-19 08:24:22,987 runserver 24396 124021372880576 [mHTTP GET /admin/last_request_log/lastrequestlog/ 200 [0.12, 192.168.0.114:43076][0m
INFO 2025-01-19 08:24:23,067 runserver 24396 124021372880576 [mHTTP GET /admin/jsi18n/ 200 [0.02, 192.168.0.114:43076][0m
INFO 2025-01-19 08:24:26,760 runserver 24396 124021372880576 [mHTTP GET /admin/last_request_log/lastrequestlog/ 200 [0.05, 192.168.0.114:43076][0m
INFO 2025-01-19 08:24:26,873 runserver 24396 124021372880576 [mHTTP GET /admin/jsi18n/ 200 [0.06, 192.168.0.114:43076][0m
INFO 2025-01-19 08:25:43,419 runserver 24396 124021372880576 [mHTTP GET /admin/users/user/ 200 [0.05, 192.168.0.114:54578][0m
INFO 2025-01-19 08:25:43,498 runserver 24396 124021372880576 [mHTTP GET /admin/jsi18n/ 200 [0.02, 192.168.0.114:54578][0m
INFO 2025-01-19 08:25:48,965 runserver 24396 124021372880576 [mHTTP GET /admin/last_request_log/lastrequestlog/ 200 [0.05, 192.168.0.114:54578][0m
INFO 2025-01-19 08:25:49,043 runserver 24396 124021372880576 [mHTTP GET /admin/jsi18n/ 200 [0.01, 192.168.0.114:54578][0m
INFO 2025-01-19 08:26:00,356 runserver 24396 124021372880576 [mHTTP GET /admin/authtoken/tokenproxy/ 200 [0.06, 192.168.0.114:54578][0m
INFO 2025-01-19 08:26:02,935 runserver 24396 124021372880576 [mHTTP GET /admin/authtoken/tokenproxy/add/ 200 [0.06, 192.168.0.114:54578][0m
INFO 2025-01-19 08:26:03,008 runserver 24396 124021372880576 [mHTTP GET /admin/jsi18n/ 200 [0.02, 192.168.0.114:54578][0m
INFO 2025-01-19 08:26:22,319 runserver 24396 124021372880576 [32mHTTP POST /admin/authtoken/tokenproxy/add/ 302 [0.03, 192.168.0.114:54578][0m
INFO 2025-01-19 08:26:22,359 runserver 24396 124021372880576 [mHTTP GET /admin/authtoken/tokenproxy/ 200 [0.04, 192.168.0.114:54578][0m
INFO 2025-01-19 08:26:22,464 runserver 24396 124021372880576 [mHTTP GET /static/admin/img/sorting-icons.svg 200 [0.01, 192.168.0.114:54578][0m
INFO 2025-01-19 08:26:26,286 runserver 24396 124021372880576 [mHTTP GET /admin/authtoken/tokenproxy/2/change/ 200 [0.05, 192.168.0.114:54578][0m
INFO 2025-01-19 08:26:26,345 runserver 24396 124021372880576 [mHTTP GET /admin/jsi18n/ 200 [0.02, 192.168.0.114:54578][0m
INFO 2025-01-19 08:26:28,639 runserver 24396 124021372880576 [mHTTP GET /admin/authtoken/tokenproxy/2/delete/ 200 [0.05, 192.168.0.114:54578][0m
INFO 2025-01-19 08:26:28,704 runserver 24396 124021372880576 [mHTTP GET /static/admin/js/cancel.js 200 [0.00, 192.168.0.114:54578][0m
INFO 2025-01-19 08:26:31,085 runserver 24396 124021372880576 [32mHTTP POST /admin/authtoken/tokenproxy/2/delete/ 302 [0.03, 192.168.0.114:54578][0m
INFO 2025-01-19 08:26:31,125 runserver 24396 124021372880576 [mHTTP GET /admin/authtoken/tokenproxy/ 200 [0.04, 192.168.0.114:54578][0m
INFO 2025-01-19 08:27:11,175 autoreload 24396 124021446619264 /home/shailesh/Desktop/django-react-typescript-boilerplate/backend/last_request_log/__init__.py changed, reloading.
INFO 2025-01-19 08:27:12,385 autoreload 24744 126238632018048 Watching for file changes with StatReloader
INFO 2025-01-19 08:28:03,330 autoreload 25350 136495418785920 Watching for file changes with StatReloader
INFO 2025-01-19 08:28:06,807 runserver 25350 136495346222784 [mHTTP GET / 200 [0.03, 192.168.0.114:40124][0m
INFO 2025-01-19 08:28:37,335 autoreload 25350 136495418785920 /home/shailesh/Desktop/django-react-typescript-boilerplate/backend/last_request_log/__init__.py changed, reloading.
INFO 2025-01-19 08:28:39,103 autoreload 25555 123486656495744 Watching for file changes with StatReloader
INFO 2025-01-19 08:28:43,670 autoreload 25583 125704223060096 Watching for file changes with StatReloader
INFO 2025-01-19 08:29:30,525 autoreload 25730 137622399307904 Watching for file changes with StatReloader
INFO 2025-01-19 08:29:33,948 runserver 25730 137622326347456 [mHTTP GET / 200 [0.04, 192.168.0.114:53920][0m
INFO 2025-01-19 08:29:41,125 runserver 25730 137622326347456 [mHTTP GET /admin/ 200 [0.21, 192.168.0.114:53920][0m
INFO 2025-01-19 08:29:41,253 runserver 25730 137622326347456 [mHTTP GET /static/admin/img/icon-deletelink.svg 200 [0.01, 192.168.0.114:53920][0m
WARNING 2025-01-19 08:29:41,382 runserver 25730 137622326347456 [33mHTTP GET /favicon.ico 404 [0.03, 192.168.0.114:53920][0m
INFO 2025-01-19 08:29:44,963 runserver 25730 137622326347456 [mHTTP GET /admin/last_request_log/lastrequestlog/ 200 [0.07, 192.168.0.114:53920][0m
INFO 2025-01-19 08:29:45,044 runserver 25730 137622326347456 [mHTTP GET /admin/jsi18n/ 200 [0.02, 192.168.0.114:53920][0m
INFO 2025-01-19 08:30:00,913 runserver 25730 137622326347456 [mHTTP GET /admin/last_request_log/lastrequestlog/ 200 [0.04, 192.168.0.114:53920][0m
INFO 2025-01-19 08:30:00,979 runserver 25730 137622326347456 [mHTTP GET /admin/jsi18n/ 200 [0.02, 192.168.0.114:53920][0m
INFO 2025-01-19 08:30:04,626 runserver 25730 137622326347456 [mHTTP GET /admin/users/user/ 200 [0.06, 192.168.0.114:53920][0m
INFO 2025-01-19 08:30:04,690 runserver 25730 137622326347456 [mHTTP GET /admin/jsi18n/ 200 [0.02, 192.168.0.114:53920][0m
INFO 2025-01-19 08:30:12,292 runserver 25730 137622326347456 [mHTTP GET /admin/last_request_log/lastrequestlog/ 200 [0.05, 192.168.0.114:53920][0m
INFO 2025-01-19 08:30:12,357 runserver 25730 137622326347456 [mHTTP GET /admin/jsi18n/ 200 [0.01, 192.168.0.114:53920][0m
